<?xml version="1.0" encoding="UTF-8"?>
<testng-results ignored="0" total="1" passed="1" failed="0" skipped="0">
  <reporter-output>
    <line>
      <![CDATA[Apple]]>
    </line>
  </reporter-output>
  <suite started-at="2025-11-21T14:23:18 IST" name="Default suite" finished-at="2025-11-21T14:23:18 IST" duration-ms="87">
    <groups>
      <group name="smoke">
        <method signature="Demo1Test.AppleTest()[pri:0, instance:Practice1.Demo1Test@36902638]" name="AppleTest" class="Practice1.Demo1Test"/>
      </group> <!-- smoke -->
    </groups>
    <test started-at="2025-11-21T14:23:18 IST" name="Default test" finished-at="2025-11-21T14:23:18 IST" duration-ms="87">
      <class name="Practice1.Demo1Test">
        <test-method signature="AppleTest()[pri:0, instance:Practice1.Demo1Test@36902638]" started-at="2025-11-21T14:23:18 IST" name="AppleTest" finished-at="2025-11-21T14:23:18 IST" duration-ms="19" status="PASS">
          <reporter-output>
            <line>
              <![CDATA[Apple]]>
            </line>
          </reporter-output>
        </test-method> <!-- AppleTest -->
      </class> <!-- Practice1.Demo1Test -->
    </test> <!-- Default test -->
  </suite> <!-- Default suite -->
</testng-results>
