<?xml version="1.0" encoding="UTF-8"?>
<!-- Generated by org.testng.reporters.JUnitReportReporter -->
<testsuite hostname="DESKTOP-HP54R4O" failures="0" tests="1" name="Practice1.Demo1Test" time="0.019" errors="0" timestamp="2025-11-21T14:23:18 IST" skipped="0">
  <testcase classname="Practice1.Demo1Test" name="AppleTest" time="0.019">
    <system-out>
      <![CDATA[Apple]]>
    </system-out>
  </testcase> <!-- AppleTest -->
  <system-out>
    <![CDATA[Apple]]>
  </system-out>
</testsuite> <!-- Practice1.Demo1Test -->
